{
  "stats": {
    "suites": 1,
    "tests": 3,
    "passes": 3,
    "pending": 0,
    "failures": 0,
    "start": "2017-02-09T21:00:39.687Z",
    "end": "2017-02-09T21:00:39.727Z",
    "duration": 40,
    "testsRegistered": 3,
    "passPercent": 100,
    "pendingPercent": 0,
    "other": 0,
    "hasOther": false,
    "skipped": 0,
    "hasSkipped": false,
    "passPercentClass": "success",
    "pendingPercentClass": "danger"
  },
  "suites": {
    "title": "",
    "suites": [
      {
        "title": "Server starts",
        "suites": [],
        "tests": [
          {
            "title": "GET /: should redirect requests to MCI",
            "fullTitle": "Server starts GET /: should redirect requests to MCI",
            "timedOut": false,
            "duration": 21,
            "state": "passed",
            "speed": "fast",
            "pass": true,
            "fail": false,
            "pending": false,
            "code": "request(server)\n  .get('/')\n  .expect(302)\n  .expect('location', 'https://www.google.com')\n  .end((err, res) => {\n    res.status.should.equal(302);\n    done();\n  });",
            "err": {},
            "isRoot": false,
            "uuid": "44b0e3b4-05e4-42c1-b2c7-1879d0989a13",
            "parentUUID": "9b0f0098-b392-4014-ba98-98b79fa9d3e5",
            "skipped": false
          },
          {
            "title": "GET /foo/bar: should reject unknown routes",
            "fullTitle": "Server starts GET /foo/bar: should reject unknown routes",
            "timedOut": false,
            "duration": 5,
            "state": "passed",
            "speed": "fast",
            "pass": true,
            "fail": false,
            "pending": false,
            "code": "request(server)\n  .get('/foo/bar')\n  .expect(404)\n  .end((err, res) => {\n    res.status.should.equal(404);\n    done();\n  });",
            "err": {},
            "isRoot": false,
            "uuid": "3b06609a-c2f7-47aa-af3f-bcd8905adc94",
            "parentUUID": "9b0f0098-b392-4014-ba98-98b79fa9d3e5",
            "skipped": false
          },
          {
            "title": "GET /__health-check__: sends a health message",
            "fullTitle": "Server starts GET /__health-check__: sends a health message",
            "timedOut": false,
            "duration": 3,
            "state": "passed",
            "speed": "fast",
            "pass": true,
            "fail": false,
            "pending": false,
            "code": "request(server)\n  .get('/__health-check__')\n  .expect(200)\n  .expect('Content-type', /text\\/plain/)\n  .end((err, res) => {\n    res.status.should.equal(200);\n    res.text.should.be.a.String().and.equal('OK');\n    done();\n  });",
            "err": {},
            "isRoot": false,
            "uuid": "45341902-76ac-488d-bd65-6bcf8d83061e",
            "parentUUID": "9b0f0098-b392-4014-ba98-98b79fa9d3e5",
            "skipped": false
          }
        ],
        "pending": [],
        "root": false,
        "_timeout": 2000,
        "file": "/test/spec/basic.js",
        "uuid": "9b0f0098-b392-4014-ba98-98b79fa9d3e5",
        "fullFile": "/home/ammar/Desktop/bandwagon/test/spec/basic.js",
        "passes": [
          {
            "title": "GET /: should redirect requests to MCI",
            "fullTitle": "Server starts GET /: should redirect requests to MCI",
            "timedOut": false,
            "duration": 21,
            "state": "passed",
            "speed": "fast",
            "pass": true,
            "fail": false,
            "pending": false,
            "code": "request(server)\n  .get('/')\n  .expect(302)\n  .expect('location', 'https://www.google.com')\n  .end((err, res) => {\n    res.status.should.equal(302);\n    done();\n  });",
            "err": {},
            "isRoot": false,
            "uuid": "44b0e3b4-05e4-42c1-b2c7-1879d0989a13",
            "parentUUID": "9b0f0098-b392-4014-ba98-98b79fa9d3e5",
            "skipped": false
          },
          {
            "title": "GET /foo/bar: should reject unknown routes",
            "fullTitle": "Server starts GET /foo/bar: should reject unknown routes",
            "timedOut": false,
            "duration": 5,
            "state": "passed",
            "speed": "fast",
            "pass": true,
            "fail": false,
            "pending": false,
            "code": "request(server)\n  .get('/foo/bar')\n  .expect(404)\n  .end((err, res) => {\n    res.status.should.equal(404);\n    done();\n  });",
            "err": {},
            "isRoot": false,
            "uuid": "3b06609a-c2f7-47aa-af3f-bcd8905adc94",
            "parentUUID": "9b0f0098-b392-4014-ba98-98b79fa9d3e5",
            "skipped": false
          },
          {
            "title": "GET /__health-check__: sends a health message",
            "fullTitle": "Server starts GET /__health-check__: sends a health message",
            "timedOut": false,
            "duration": 3,
            "state": "passed",
            "speed": "fast",
            "pass": true,
            "fail": false,
            "pending": false,
            "code": "request(server)\n  .get('/__health-check__')\n  .expect(200)\n  .expect('Content-type', /text\\/plain/)\n  .end((err, res) => {\n    res.status.should.equal(200);\n    res.text.should.be.a.String().and.equal('OK');\n    done();\n  });",
            "err": {},
            "isRoot": false,
            "uuid": "45341902-76ac-488d-bd65-6bcf8d83061e",
            "parentUUID": "9b0f0098-b392-4014-ba98-98b79fa9d3e5",
            "skipped": false
          }
        ],
        "failures": [],
        "skipped": [],
        "hasTests": true,
        "hasSuites": false,
        "totalTests": 3,
        "totalPasses": 3,
        "totalFailures": 0,
        "totalPending": 0,
        "totalSkipped": 0,
        "hasPasses": true,
        "hasFailures": false,
        "hasPending": false,
        "hasSkipped": false,
        "duration": 29
      }
    ],
    "tests": [],
    "pending": [],
    "root": true,
    "_timeout": 2000,
    "uuid": "8ee5a515-1761-46da-b4be-c3005b1af739",
    "fullFile": "",
    "file": "",
    "passes": [],
    "failures": [],
    "skipped": [],
    "hasTests": false,
    "hasSuites": true,
    "totalTests": 0,
    "totalPasses": 0,
    "totalFailures": 0,
    "totalPending": 0,
    "totalSkipped": 0,
    "hasPasses": false,
    "hasFailures": false,
    "hasPending": false,
    "hasSkipped": false,
    "duration": 0,
    "rootEmpty": true
  },
  "allTests": [
    {
      "title": "GET /: should redirect requests to MCI",
      "fullTitle": "Server starts GET /: should redirect requests to MCI",
      "timedOut": false,
      "duration": 21,
      "state": "passed",
      "speed": "fast",
      "pass": true,
      "fail": false,
      "pending": false,
      "code": "request(server)\n  .get('/')\n  .expect(302)\n  .expect('location', 'https://www.google.com')\n  .end((err, res) => {\n    res.status.should.equal(302);\n    done();\n  });",
      "err": {},
      "isRoot": false,
      "uuid": "44b0e3b4-05e4-42c1-b2c7-1879d0989a13",
      "parentUUID": "9b0f0098-b392-4014-ba98-98b79fa9d3e5",
      "skipped": false
    },
    {
      "title": "GET /foo/bar: should reject unknown routes",
      "fullTitle": "Server starts GET /foo/bar: should reject unknown routes",
      "timedOut": false,
      "duration": 5,
      "state": "passed",
      "speed": "fast",
      "pass": true,
      "fail": false,
      "pending": false,
      "code": "request(server)\n  .get('/foo/bar')\n  .expect(404)\n  .end((err, res) => {\n    res.status.should.equal(404);\n    done();\n  });",
      "err": {},
      "isRoot": false,
      "uuid": "3b06609a-c2f7-47aa-af3f-bcd8905adc94",
      "parentUUID": "9b0f0098-b392-4014-ba98-98b79fa9d3e5",
      "skipped": false
    },
    {
      "title": "GET /__health-check__: sends a health message",
      "fullTitle": "Server starts GET /__health-check__: sends a health message",
      "timedOut": false,
      "duration": 3,
      "state": "passed",
      "speed": "fast",
      "pass": true,
      "fail": false,
      "pending": false,
      "code": "request(server)\n  .get('/__health-check__')\n  .expect(200)\n  .expect('Content-type', /text\\/plain/)\n  .end((err, res) => {\n    res.status.should.equal(200);\n    res.text.should.be.a.String().and.equal('OK');\n    done();\n  });",
      "err": {},
      "isRoot": false,
      "uuid": "45341902-76ac-488d-bd65-6bcf8d83061e",
      "parentUUID": "9b0f0098-b392-4014-ba98-98b79fa9d3e5",
      "skipped": false
    }
  ],
  "allPending": [],
  "allPasses": [
    {
      "title": "GET /: should redirect requests to MCI",
      "fullTitle": "Server starts GET /: should redirect requests to MCI",
      "timedOut": false,
      "duration": 21,
      "state": "passed",
      "speed": "fast",
      "pass": true,
      "fail": false,
      "pending": false,
      "code": "request(server)\n  .get('/')\n  .expect(302)\n  .expect('location', 'https://www.google.com')\n  .end((err, res) => {\n    res.status.should.equal(302);\n    done();\n  });",
      "err": {},
      "isRoot": false,
      "uuid": "44b0e3b4-05e4-42c1-b2c7-1879d0989a13",
      "parentUUID": "9b0f0098-b392-4014-ba98-98b79fa9d3e5",
      "skipped": false
    },
    {
      "title": "GET /foo/bar: should reject unknown routes",
      "fullTitle": "Server starts GET /foo/bar: should reject unknown routes",
      "timedOut": false,
      "duration": 5,
      "state": "passed",
      "speed": "fast",
      "pass": true,
      "fail": false,
      "pending": false,
      "code": "request(server)\n  .get('/foo/bar')\n  .expect(404)\n  .end((err, res) => {\n    res.status.should.equal(404);\n    done();\n  });",
      "err": {},
      "isRoot": false,
      "uuid": "3b06609a-c2f7-47aa-af3f-bcd8905adc94",
      "parentUUID": "9b0f0098-b392-4014-ba98-98b79fa9d3e5",
      "skipped": false
    },
    {
      "title": "GET /__health-check__: sends a health message",
      "fullTitle": "Server starts GET /__health-check__: sends a health message",
      "timedOut": false,
      "duration": 3,
      "state": "passed",
      "speed": "fast",
      "pass": true,
      "fail": false,
      "pending": false,
      "code": "request(server)\n  .get('/__health-check__')\n  .expect(200)\n  .expect('Content-type', /text\\/plain/)\n  .end((err, res) => {\n    res.status.should.equal(200);\n    res.text.should.be.a.String().and.equal('OK');\n    done();\n  });",
      "err": {},
      "isRoot": false,
      "uuid": "45341902-76ac-488d-bd65-6bcf8d83061e",
      "parentUUID": "9b0f0098-b392-4014-ba98-98b79fa9d3e5",
      "skipped": false
    }
  ],
  "allFailures": [],
  "copyrightYear": 2017
}